mode: atomic
github.com/log-file-metric-exporter/pkg/auth/auth.go:31.74,33.16 2 0
github.com/log-file-metric-exporter/pkg/auth/auth.go:33.16,35.3 1 0
github.com/log-file-metric-exporter/pkg/auth/auth.go:37.2,37.18 1 0
github.com/log-file-metric-exporter/pkg/auth/auth.go:37.18,40.3 2 0
github.com/log-file-metric-exporter/pkg/auth/auth.go:42.2,43.16 2 0
github.com/log-file-metric-exporter/pkg/auth/auth.go:43.16,45.3 1 0
github.com/log-file-metric-exporter/pkg/auth/auth.go:47.2,49.18 2 0
github.com/log-file-metric-exporter/pkg/auth/auth.go:49.18,51.3 1 0
github.com/log-file-metric-exporter/pkg/auth/auth.go:53.2,53.18 1 0
github.com/log-file-metric-exporter/pkg/auth/auth.go:58.88,60.2 1 10
github.com/log-file-metric-exporter/pkg/auth/auth.go:64.122,71.16 2 7
github.com/log-file-metric-exporter/pkg/auth/auth.go:71.16,73.3 1 0
github.com/log-file-metric-exporter/pkg/auth/auth.go:75.2,75.34 1 7
github.com/log-file-metric-exporter/pkg/auth/auth.go:75.34,77.3 1 2
github.com/log-file-metric-exporter/pkg/auth/auth.go:79.2,80.28 2 5
github.com/log-file-metric-exporter/pkg/auth/auth.go:85.142,96.16 2 4
github.com/log-file-metric-exporter/pkg/auth/auth.go:96.16,98.3 1 0
github.com/log-file-metric-exporter/pkg/auth/auth.go:100.2,100.57 1 4
github.com/log-file-metric-exporter/pkg/auth/cache.go:25.99,32.2 1 3
github.com/log-file-metric-exporter/pkg/auth/cache.go:35.124,38.45 2 5
github.com/log-file-metric-exporter/pkg/auth/cache.go:38.45,41.3 2 2
github.com/log-file-metric-exporter/pkg/auth/cache.go:43.2,45.20 3 3
github.com/log-file-metric-exporter/pkg/auth/cache.go:49.144,52.45 2 3
github.com/log-file-metric-exporter/pkg/auth/cache.go:52.45,55.3 2 1
github.com/log-file-metric-exporter/pkg/auth/cache.go:57.2,58.16 2 2
github.com/log-file-metric-exporter/pkg/auth/cache.go:58.16,60.3 1 0
github.com/log-file-metric-exporter/pkg/auth/cache.go:62.2,63.29 2 2
github.com/log-file-metric-exporter/pkg/auth/cache.go:79.41,83.2 3 5
github.com/log-file-metric-exporter/pkg/auth/cache.go:86.87,96.2 9 3
github.com/log-file-metric-exporter/pkg/auth/cache.go:113.47,119.2 1 6
github.com/log-file-metric-exporter/pkg/auth/cache.go:121.56,126.9 4 8
github.com/log-file-metric-exporter/pkg/auth/cache.go:126.9,128.3 1 4
github.com/log-file-metric-exporter/pkg/auth/cache.go:130.2,130.42 1 4
github.com/log-file-metric-exporter/pkg/auth/cache.go:130.42,132.3 1 1
github.com/log-file-metric-exporter/pkg/auth/cache.go:134.2,134.25 1 3
github.com/log-file-metric-exporter/pkg/auth/cache.go:137.55,146.33 4 5
github.com/log-file-metric-exporter/pkg/auth/cache.go:146.33,148.3 1 0
github.com/log-file-metric-exporter/pkg/auth/cache.go:151.41,153.28 2 0
github.com/log-file-metric-exporter/pkg/auth/cache.go:153.28,154.30 1 0
github.com/log-file-metric-exporter/pkg/auth/cache.go:154.30,156.4 1 0
github.com/log-file-metric-exporter/pkg/auth/cache.go:159.2,159.33 1 0
github.com/log-file-metric-exporter/pkg/auth/cache.go:159.33,162.26 3 0
github.com/log-file-metric-exporter/pkg/auth/cache.go:162.26,165.23 3 0
github.com/log-file-metric-exporter/pkg/auth/cache.go:165.23,166.10 1 0
github.com/log-file-metric-exporter/pkg/auth/middleware.go:13.82,14.71 1 6
github.com/log-file-metric-exporter/pkg/auth/middleware.go:14.71,16.48 2 6
github.com/log-file-metric-exporter/pkg/auth/middleware.go:16.48,19.4 2 2
github.com/log-file-metric-exporter/pkg/auth/middleware.go:21.3,22.18 2 4
github.com/log-file-metric-exporter/pkg/auth/middleware.go:22.18,25.4 2 1
github.com/log-file-metric-exporter/pkg/auth/middleware.go:27.3,28.17 2 3
github.com/log-file-metric-exporter/pkg/auth/middleware.go:28.17,32.4 3 1
github.com/log-file-metric-exporter/pkg/auth/middleware.go:34.3,35.17 2 2
github.com/log-file-metric-exporter/pkg/auth/middleware.go:35.17,39.4 3 0
github.com/log-file-metric-exporter/pkg/auth/middleware.go:40.3,40.15 1 2
github.com/log-file-metric-exporter/pkg/auth/middleware.go:40.15,44.4 3 1
github.com/log-file-metric-exporter/pkg/auth/middleware.go:46.3,46.23 1 1
github.com/log-file-metric-exporter/pkg/logwatch/watcher.go:30.50,32.18 2 52
github.com/log-file-metric-exporter/pkg/logwatch/watcher.go:32.18,35.3 2 20
github.com/log-file-metric-exporter/pkg/logwatch/watcher.go:36.2,36.14 1 32
github.com/log-file-metric-exporter/pkg/logwatch/watcher.go:51.73,55.16 3 10
github.com/log-file-metric-exporter/pkg/logwatch/watcher.go:55.16,57.3 1 0
github.com/log-file-metric-exporter/pkg/logwatch/watcher.go:58.2,73.55 3 10
github.com/log-file-metric-exporter/pkg/logwatch/watcher.go:73.55,75.3 1 0
github.com/log-file-metric-exporter/pkg/logwatch/watcher.go:76.2,77.80 2 10
github.com/log-file-metric-exporter/pkg/logwatch/watcher.go:77.80,77.105 1 39
github.com/log-file-metric-exporter/pkg/logwatch/watcher.go:78.2,78.16 1 10
github.com/log-file-metric-exporter/pkg/logwatch/watcher.go:78.16,80.3 1 0
github.com/log-file-metric-exporter/pkg/logwatch/watcher.go:81.2,82.16 2 10
github.com/log-file-metric-exporter/pkg/logwatch/watcher.go:82.16,84.3 1 0
github.com/log-file-metric-exporter/pkg/logwatch/watcher.go:85.2,86.15 2 10
github.com/log-file-metric-exporter/pkg/logwatch/watcher.go:89.27,90.24 1 11
github.com/log-file-metric-exporter/pkg/logwatch/watcher.go:90.24,94.3 3 10
github.com/log-file-metric-exporter/pkg/logwatch/watcher.go:97.39,100.19 3 2
github.com/log-file-metric-exporter/pkg/logwatch/watcher.go:100.19,105.3 4 2
github.com/log-file-metric-exporter/pkg/logwatch/watcher.go:110.38,111.9 1 3
github.com/log-file-metric-exporter/pkg/logwatch/watcher.go:112.36,112.36 0 2
github.com/log-file-metric-exporter/pkg/logwatch/watcher.go:113.10,113.10 0 1
github.com/log-file-metric-exporter/pkg/logwatch/watcher.go:118.31,122.2 3 3
github.com/log-file-metric-exporter/pkg/logwatch/watcher.go:127.35,129.29 2 10
github.com/log-file-metric-exporter/pkg/logwatch/watcher.go:129.29,133.3 3 1
github.com/log-file-metric-exporter/pkg/logwatch/watcher.go:134.2,134.6 1 10
github.com/log-file-metric-exporter/pkg/logwatch/watcher.go:134.6,135.10 1 12
github.com/log-file-metric-exporter/pkg/logwatch/watcher.go:136.17,137.10 1 10
github.com/log-file-metric-exporter/pkg/logwatch/watcher.go:138.15,139.17 1 1
github.com/log-file-metric-exporter/pkg/logwatch/watcher.go:140.25,141.17 1 1
github.com/log-file-metric-exporter/pkg/logwatch/watcher.go:148.51,150.83 2 3
github.com/log-file-metric-exporter/pkg/logwatch/watcher.go:150.83,151.17 1 3
github.com/log-file-metric-exporter/pkg/logwatch/watcher.go:151.17,153.4 1 0
github.com/log-file-metric-exporter/pkg/logwatch/watcher.go:154.3,154.19 1 3
github.com/log-file-metric-exporter/pkg/logwatch/watcher.go:154.19,156.4 1 3
github.com/log-file-metric-exporter/pkg/logwatch/watcher.go:157.3,158.20 2 0
github.com/log-file-metric-exporter/pkg/logwatch/watcher.go:158.20,160.4 1 0
github.com/log-file-metric-exporter/pkg/logwatch/watcher.go:161.3,162.13 2 0
github.com/log-file-metric-exporter/pkg/logwatch/watcher.go:164.2,164.16 1 3
github.com/log-file-metric-exporter/pkg/logwatch/watcher.go:164.16,166.3 1 0
github.com/log-file-metric-exporter/pkg/logwatch/watcher.go:168.2,168.45 1 3
github.com/log-file-metric-exporter/pkg/logwatch/watcher.go:168.45,170.3 1 0
github.com/log-file-metric-exporter/pkg/logwatch/watcher.go:171.2,171.13 1 3
github.com/log-file-metric-exporter/pkg/logwatch/watcher.go:177.54,180.25 3 4
github.com/log-file-metric-exporter/pkg/logwatch/watcher.go:180.25,181.28 1 4
github.com/log-file-metric-exporter/pkg/logwatch/watcher.go:181.28,183.4 1 4
github.com/log-file-metric-exporter/pkg/logwatch/watcher.go:185.2,187.26 2 4
github.com/log-file-metric-exporter/pkg/logwatch/watcher.go:187.26,188.24 1 4
github.com/log-file-metric-exporter/pkg/logwatch/watcher.go:188.24,189.12 1 1
github.com/log-file-metric-exporter/pkg/logwatch/watcher.go:191.3,195.67 5 3
github.com/log-file-metric-exporter/pkg/logwatch/watcher.go:200.50,205.2 3 4
github.com/log-file-metric-exporter/pkg/logwatch/watcher.go:207.33,208.6 1 3
github.com/log-file-metric-exporter/pkg/logwatch/watcher.go:208.6,209.10 1 6
github.com/log-file-metric-exporter/pkg/logwatch/watcher.go:210.17,211.14 1 3
github.com/log-file-metric-exporter/pkg/logwatch/watcher.go:212.11,212.11 0 3
github.com/log-file-metric-exporter/pkg/logwatch/watcher.go:214.3,217.29 4 3
github.com/log-file-metric-exporter/pkg/logwatch/watcher.go:217.29,219.4 1 15
github.com/log-file-metric-exporter/pkg/logwatch/watcher.go:220.3,220.12 1 3
github.com/log-file-metric-exporter/pkg/logwatch/watcher.go:223.56,227.9 4 15
github.com/log-file-metric-exporter/pkg/logwatch/watcher.go:228.21,229.9 1 9
github.com/log-file-metric-exporter/pkg/logwatch/watcher.go:230.18,232.48 2 0
github.com/log-file-metric-exporter/pkg/logwatch/watcher.go:232.48,235.4 2 0
github.com/log-file-metric-exporter/pkg/logwatch/watcher.go:236.31,237.19 1 1
github.com/log-file-metric-exporter/pkg/logwatch/watcher.go:238.10,239.41 1 5
github.com/log-file-metric-exporter/pkg/logwatch/watcher.go:239.41,241.4 1 0
github.com/log-file-metric-exporter/pkg/logwatch/watcher.go:245.51,247.15 2 45
github.com/log-file-metric-exporter/pkg/logwatch/watcher.go:247.15,248.25 1 45
github.com/log-file-metric-exporter/pkg/logwatch/watcher.go:248.25,251.4 2 1
github.com/log-file-metric-exporter/pkg/logwatch/watcher.go:252.3,252.17 1 45
github.com/log-file-metric-exporter/pkg/logwatch/watcher.go:252.17,254.4 1 0
github.com/log-file-metric-exporter/pkg/logwatch/watcher.go:257.2,258.20 2 45
github.com/log-file-metric-exporter/pkg/logwatch/watcher.go:258.20,261.3 2 32
github.com/log-file-metric-exporter/pkg/logwatch/watcher.go:262.2,262.29 1 13
github.com/log-file-metric-exporter/pkg/logwatch/watcher.go:262.29,265.3 2 2
github.com/log-file-metric-exporter/pkg/logwatch/watcher.go:266.2,267.16 2 11
github.com/log-file-metric-exporter/pkg/logwatch/watcher.go:267.16,269.3 1 1
github.com/log-file-metric-exporter/pkg/logwatch/watcher.go:270.2,270.18 1 10
github.com/log-file-metric-exporter/pkg/logwatch/watcher.go:270.18,273.3 2 2
github.com/log-file-metric-exporter/pkg/logwatch/watcher.go:274.2,275.16 2 8
github.com/log-file-metric-exporter/pkg/logwatch/watcher.go:275.16,277.3 1 0
github.com/log-file-metric-exporter/pkg/logwatch/watcher.go:278.2,284.21 7 8
github.com/log-file-metric-exporter/pkg/logwatch/watcher.go:284.21,287.3 1 7
github.com/log-file-metric-exporter/pkg/logwatch/watcher.go:287.8,287.28 1 1
github.com/log-file-metric-exporter/pkg/logwatch/watcher.go:287.28,290.3 1 0
github.com/log-file-metric-exporter/pkg/logwatch/watcher.go:291.2,293.12 3 8
